{
  "stats": {
    "suites": 3,
    "tests": 2,
    "passes": 2,
    "pending": 0,
    "failures": 0,
    "start": "2025-08-22T23:27:09.444Z",
    "end": "2025-08-22T23:27:09.499Z",
    "duration": 55,
    "testsRegistered": 2,
    "passPercent": 100,
    "pendingPercent": 0,
    "other": 0,
    "hasOther": false,
    "skipped": 0,
    "hasSkipped": false
  },
  "results": [
    {
      "uuid": "4d4853b7-7e63-481e-9e3b-95ea147116f7",
      "title": "",
      "fullFile": "/Users/lucas/workspace/github.com/Mentoria Júlio de Lima 2.0/M2.0-Final-Project-API/test/topics.test.js",
      "file": "/test/topics.test.js",
      "beforeHooks": [],
      "afterHooks": [],
      "tests": [],
      "suites": [
        {
          "uuid": "8f250aee-1878-4c46-bd03-527accf431e8",
          "title": "Topics",
          "fullFile": "/Users/lucas/workspace/github.com/Mentoria Júlio de Lima 2.0/M2.0-Final-Project-API/test/topics.test.js",
          "file": "/test/topics.test.js",
          "beforeHooks": [],
          "afterHooks": [],
          "tests": [],
          "suites": [
            {
              "uuid": "8a077cba-4a86-4b05-b475-9b4b6f929cb6",
              "title": "POST /topics",
              "fullFile": "/Users/lucas/workspace/github.com/Mentoria Júlio de Lima 2.0/M2.0-Final-Project-API/test/topics.test.js",
              "file": "/test/topics.test.js",
              "beforeHooks": [],
              "afterHooks": [],
              "tests": [
                {
                  "title": "Should return 201 along with the newly created topic",
                  "fullTitle": "Topics POST /topics Should return 201 along with the newly created topic",
                  "timedOut": false,
                  "duration": 26,
                  "state": "passed",
                  "speed": "fast",
                  "pass": true,
                  "fail": false,
                  "pending": false,
                  "context": null,
                  "code": "const bodyTopics = { ...postTopics};\nconst response = await request('http://localhost:3000')\n.post('/topics')\n.set('Content-Type', 'application/json')\n.send(bodyTopics);\nexpect(response.status).to.equal(201);\nexpect(response.body.name).to.equal(bodyTopics.name);\nexpect(response.body.notes).to.equal(bodyTopics.notes);",
                  "err": {},
                  "uuid": "6a4b735b-df6b-4c9a-9972-0e5111d6aa0b",
                  "parentUUID": "8a077cba-4a86-4b05-b475-9b4b6f929cb6",
                  "isHook": false,
                  "skipped": false
                }
              ],
              "suites": [],
              "passes": [
                "6a4b735b-df6b-4c9a-9972-0e5111d6aa0b"
              ],
              "failures": [],
              "pending": [],
              "skipped": [],
              "duration": 26,
              "root": false,
              "rootEmpty": false,
              "_timeout": 200000
            },
            {
              "uuid": "d9568769-7487-4c91-82f6-8fd3a9220f11",
              "title": "GET /topics",
              "fullFile": "/Users/lucas/workspace/github.com/Mentoria Júlio de Lima 2.0/M2.0-Final-Project-API/test/topics.test.js",
              "file": "/test/topics.test.js",
              "beforeHooks": [],
              "afterHooks": [],
              "tests": [
                {
                  "title": "Should return 200 along with the list of all topics",
                  "fullTitle": "Topics GET /topics Should return 200 along with the list of all topics",
                  "timedOut": false,
                  "duration": 24,
                  "state": "passed",
                  "speed": "fast",
                  "pass": true,
                  "fail": false,
                  "pending": false,
                  "context": null,
                  "code": "const response = await request('http://localhost:3000')\n.get('/topics')\n.set('Content-Type', 'application/json')           \nexpect(response.status).to.equal(200);\nexpect(response.body).to.be.an('array');\nexpect(response.body[3]).to.have.property('id');\nexpect(response.body[3]).to.have.property('name');",
                  "err": {},
                  "uuid": "5d393d94-2054-4ea4-a0ab-9da7fced146e",
                  "parentUUID": "d9568769-7487-4c91-82f6-8fd3a9220f11",
                  "isHook": false,
                  "skipped": false
                }
              ],
              "suites": [],
              "passes": [
                "5d393d94-2054-4ea4-a0ab-9da7fced146e"
              ],
              "failures": [],
              "pending": [],
              "skipped": [],
              "duration": 24,
              "root": false,
              "rootEmpty": false,
              "_timeout": 200000
            }
          ],
          "passes": [],
          "failures": [],
          "pending": [],
          "skipped": [],
          "duration": 0,
          "root": false,
          "rootEmpty": false,
          "_timeout": 200000
        }
      ],
      "passes": [],
      "failures": [],
      "pending": [],
      "skipped": [],
      "duration": 0,
      "root": true,
      "rootEmpty": true,
      "_timeout": 200000
    }
  ],
  "meta": {
    "mocha": {
      "version": "11.7.1"
    },
    "mochawesome": {
      "options": {
        "quiet": false,
        "reportFilename": "mochawesome",
        "saveHtml": true,
        "saveJson": true,
        "consoleReporter": "spec",
        "useInlineDiffs": false,
        "code": true
      },
      "version": "7.1.3"
    },
    "marge": {
      "options": null,
      "version": "6.2.0"
    }
  }
}